This is pdfTeX, Version 3.1415926-2.5-1.40.14 (TeX Live 2013/Debian) (format=pdflatex 2015.10.14)  13 DEC 2016 15:40
entering extended mode
 restricted \write18 enabled.
 %&-line parsing enabled.
**IOPLaTeXGuidelines.tex
(./IOPLaTeXGuidelines.tex
LaTeX2e <2011/06/27>
Babel <3.9h> and hyphenation patterns for 2 languages loaded.
(./iopart.cls
Document Class: iopart 1996/06/10 v0.0 IOP Journals LaTeX article class
(./iopart12.clo
File: iopart12.clo 1997/01/15 v1.0 LaTeX2e file (size option)
)
\c@jnl=\count79
\c@section=\count80
\c@subsection=\count81
\c@subsubsection=\count82
\c@paragraph=\count83
\c@subparagraph=\count84
\c@figure=\count85
\c@table=\count86
\abovecaptionskip=\skip41
\belowcaptionskip=\skip42
\indentedwidth=\skip43
\mathindent=\dimen102
\c@eqnval=\count87
) (./IOPLaTeXGuidelines.aux)
\openout1 = `IOPLaTeXGuidelines.aux'.

LaTeX Font Info:    Checking defaults for OML/cmm/m/it on input line 46.
LaTeX Font Info:    ... okay on input line 46.
LaTeX Font Info:    Checking defaults for T1/cmr/m/n on input line 46.
LaTeX Font Info:    ... okay on input line 46.
LaTeX Font Info:    Checking defaults for OT1/cmr/m/n on input line 46.
LaTeX Font Info:    ... okay on input line 46.
LaTeX Font Info:    Checking defaults for OMS/cmsy/m/n on input line 46.
LaTeX Font Info:    ... okay on input line 46.
LaTeX Font Info:    Checking defaults for OMX/cmex/m/n on input line 46.
LaTeX Font Info:    ... okay on input line 46.
LaTeX Font Info:    Checking defaults for U/cmr/m/n on input line 46.
LaTeX Font Info:    ... okay on input line 46.
LaTeX Font Info:    External font `cmex10' loaded for size
(Font)              <17.28> on input line 49.
LaTeX Font Info:    External font `cmex10' loaded for size
(Font)              <12> on input line 49.
LaTeX Font Info:    External font `cmex10' loaded for size
(Font)              <7> on input line 61.
LaTeX Font Info:    External font `cmex10' loaded for size
(Font)              <5> on input line 61.
LaTeX Font Info:    External font `cmex10' loaded for size
(Font)              <8> on input line 98.
LaTeX Font Info:    External font `cmex10' loaded for size
(Font)              <6> on input line 98.

Overfull \hbox (5.21635pt too wide) in paragraph at lines 111--139
[][] 
 []

[1

{/var/lib/texmf/fonts/map/pdftex/updmap/pdftex.map}] [2] [3]
Underfull \hbox (badness 4492) in paragraph at lines 205--210
[]\OT1/cmr/m/n/12 For the nu-mer-i-cal (Van-cou-ver) ref-er-ence style we rec-o
m-mend that au-
 []


Underfull \hbox (badness 6625) in paragraph at lines 205--210
\OT1/cmr/m/n/12 thors use []\OT1/cmtt/m/n/12 unsrt.bst\OT1/cmr/m/n/12 ; this do
es not quite fol-low the style of pub-
 []


Underfull \hbox (badness 1675) in paragraph at lines 205--210
\OT1/cmr/m/n/12 lished ar-ti-cles in our jour-nals but this is not a prob-lem. 
Al-ter-na-tively
 []


Underfull \hbox (badness 3323) in paragraph at lines 205--210
\OT1/cmr/m/n/12 closely matches that in pub-lished ar-ti-cles. The file is avai
l-able from
 []


Underfull \hbox (badness 4353) in paragraph at lines 210--219
\OT1/cmr/m/n/12 the []\OT1/cmtt/m/n/12 harvard.sty \OT1/cmr/m/n/12 in conjuncti
on with the []\OT1/cmtt/m/n/12 jphysicsB.bst \OT1/cmr/m/n/12 BibTeX style
 []


Underfull \hbox (badness 1077) in paragraph at lines 210--219
\OT1/cmr/m/n/12 file. These, and accompanying documentation, can be downloaded 
from 
 []


Underfull \hbox (badness 1147) in paragraph at lines 210--219
[]\OT1/cmtt/m/n/12 http://www.ctan.org/tex-archive/macros/latex/contrib/harvard
/\OT1/cmr/m/n/12 . Note
 []

[4] [5] [6]
Underfull \hbox (badness 2644) in paragraph at lines 346--359
[]\OT1/cmr/m/n/12 For article types other than papers, []\OT1/cmtt/m/n/12 iopar
t.cls \OT1/cmr/m/n/12 has a generic heading
 []

[7] [8] [9] [10] [11] [12]
Underfull \hbox (badness 10000) in alignment at lines 659--672
[] [] [] [][][][][][][][][][][][][]
 []

[13] [14]
Underfull \hbox (badness 2012) in paragraph at lines 756--761
[]\OT1/cmr/m/n/12 Sometimes it is useful to number equations as parts of the sa
me basic
 []


Underfull \hbox (badness 2384) in paragraph at lines 773--775
[]\OT1/cmr/m/n/12 Equation labels within the []\OT1/cmtt/m/n/12 \eqnarray \OT1/
cmr/m/n/12 environment will be referenced as
 []

[15] [16] [17] [18] [19] [20]
Underfull \hbox (badness 1082) in paragraph at lines 1097--1097
[]\OT1/cmr/bx/n/10 Table 4. []\OT1/cmr/m/n/10 Alternatives to the normal refere
nces command $\OMS/cmsy/m/n/10 n$\OT1/cmtt/m/n/10 ref \OT1/cmr/m/n/10 available
 in
 []

[21] [22] [23]
Underfull \hbox (badness 3098) in paragraph at lines 1288--1293
[]\OT1/cmr/m/n/12 For more detail about graphics inclusion see the documentatio
n of the
 []


Underfull \hbox (badness 2197) in paragraph at lines 1288--1293
[]\OT1/cmtt/m/n/12 graphicx \OT1/cmr/m/n/12 package, refer to one of the books 
on L[]T[]X, e.g. Goosens M,
 []

[24] [25] [26

]
Underfull \vbox (badness 10000) has occurred while \output is active []

 [27]
[28


]
Overfull \hbox (2.62785pt too wide) in paragraph at lines 1525--1549
[][] 
 []

[29

] [30

] (./IOPLaTeXGuidelines.aux) )
(\end occurred inside a group at level 1)

### simple group (level 1) entered at line 1292 ({)
### bottom level 
Here is how much of TeX's memory you used:
 580 strings out of 495028
 4497 string characters out of 6181496
 65223 words of memory out of 5000000
 3850 multiletter control sequences out of 15000+600000
 14561 words of font info for 50 fonts, out of 8000000 for 9000
 14 hyphenation exceptions out of 8191
 22i,13n,19p,862b,449s stack positions out of 5000i,500n,10000p,200000b,80000s
</usr/share/texlive/texmf-dist/fonts/type1/public/amsfonts/cm/c
mbx10.pfb></usr/share/texlive/texmf-dist/fonts/type1/public/amsfonts/cm/cmbx12.
pfb></usr/share/texlive/texmf-dist/fonts/type1/public/amsfonts/cm/cmbx8.pfb></u
sr/share/texlive/texmf-dist/fonts/type1/public/amsfonts/cm/cmex10.pfb></usr/sha
re/texlive/texmf-dist/fonts/type1/public/amsfonts/cm/cmmi10.pfb></usr/share/tex
live/texmf-dist/fonts/type1/public/amsfonts/cm/cmmi12.pfb></usr/share/texlive/t
exmf-dist/fonts/type1/public/amsfonts/cm/cmmi7.pfb></usr/share/texlive/texmf-di
st/fonts/type1/public/amsfonts/cm/cmmi8.pfb></usr/share/texlive/texmf-dist/font
s/type1/public/amsfonts/cm/cmmib10.pfb></usr/share/texlive/texmf-dist/fonts/typ
e1/public/amsfonts/cm/cmr10.pfb></usr/share/texlive/texmf-dist/fonts/type1/publ
ic/amsfonts/cm/cmr12.pfb></usr/share/texlive/texmf-dist/fonts/type1/public/amsf
onts/cm/cmr6.pfb></usr/share/texlive/texmf-dist/fonts/type1/public/amsfonts/cm/
cmr7.pfb></usr/share/texlive/texmf-dist/fonts/type1/public/amsfonts/cm/cmr8.pfb
></usr/share/texlive/texmf-dist/fonts/type1/public/amsfonts/cm/cmsy10.pfb></usr
/share/texlive/texmf-dist/fonts/type1/public/amsfonts/cm/cmsy7.pfb></usr/share/
texlive/texmf-dist/fonts/type1/public/amsfonts/cm/cmsy8.pfb></usr/share/texlive
/texmf-dist/fonts/type1/public/amsfonts/cm/cmti10.pfb></usr/share/texlive/texmf
-dist/fonts/type1/public/amsfonts/cm/cmti12.pfb></usr/share/texlive/texmf-dist/
fonts/type1/public/amsfonts/cm/cmti8.pfb></usr/share/texlive/texmf-dist/fonts/t
ype1/public/amsfonts/cm/cmtt10.pfb></usr/share/texlive/texmf-dist/fonts/type1/p
ublic/amsfonts/cm/cmtt12.pfb>
Output written on IOPLaTeXGuidelines.pdf (30 pages, 358949 bytes).
PDF statistics:
 189 PDF objects out of 1000 (max. 8388607)
 133 compressed objects within 2 object streams
 0 named destinations out of 1000 (max. 500000)
 1 words of extra memory for PDF output out of 10000 (max. 10000000)

